#
# There is insufficient memory for the Java Runtime Environment to continue.
# Native memory allocation (mmap) failed to map 134217728 bytes. Error detail: G1 virtual space
# Possible reasons:
#   The system is out of physical RAM or swap space
#   This process is running with CompressedOops enabled, and the Java Heap may be blocking the growth of the native heap
# Possible solutions:
#   Reduce memory load on the system
#   Increase physical memory or swap space
#   Check if swap backing store is full
#   Decrease Java heap size (-Xmx/-Xms)
#   Decrease number of Java threads
#   Decrease Java thread stack sizes (-Xss)
#   Set larger code cache with -XX:ReservedCodeCacheSize=
#   JVM is running with Unscaled Compressed Oops mode in which the Java heap is
#     placed in the first 4GB address space. The Java Heap base address is the
#     maximum limit for the native heap growth. Please use -XX:HeapBaseMinAddress
#     to set the Java Heap base and to place the Java Heap above 4GB virtual address.
# This output file may be truncated or incomplete.
#
#  Out of Memory Error (os_windows.cpp:3825), pid=14452, tid=10692
#
# JRE version:  (17.0.11+1) (build )
# Java VM: OpenJDK 64-Bit Server VM (17.0.11+1-b1207.24, mixed mode, sharing, tiered, compressed oops, compressed class ptrs, g1 gc, windows-amd64)
# No core dump will be written. Minidumps are not enabled by default on client versions of Windows
#

---------------  S U M M A R Y ------------

Command Line: -Djava.rmi.server.hostname=127.0.0.1 -Duser.timezone=UTC -Xmx2048m -Xms128m -Djdbc.classpath=E:\Program Files\JetBrains\IntelliJ IDEA 2024.1.3\plugins\DatabaseTools\lib\jdbc-console.jar;C:\Users\Administrator\AppData\Roaming\JetBrains\IntelliJIdea2024.1\jdbc-drivers\Oracle\21.5.0.0\com\oracle\database\jdbc\ojdbc11\21.5.0.0\ojdbc11-21.5.0.0.jar;C:\Users\Administrator\AppData\Roaming\JetBrains\IntelliJIdea2024.1\jdbc-drivers\Oracle\21.5.0.0\com\oracle\database\xml\xdb\21.5.0.0\xdb-21.5.0.0.jar;C:\Users\Administrator\AppData\Roaming\JetBrains\IntelliJIdea2024.1\jdbc-drivers\Oracle\21.5.0.0\com\oracle\database\xml\xmlparserv2\21.5.0.0\xmlparserv2-21.5.0.0.jar;C:\Users\Administrator\AppData\Roaming\JetBrains\IntelliJIdea2024.1\jdbc-drivers\Oracle\21.5.0.0\com\oracle\database\nls\orai18n\21.5.0.0\orai18n-21.5.0.0.jar;C:\Users\Administrator\AppData\Roaming\JetBrains\IntelliJIdea2024.1\jdbc-drivers\Oracle\21.5.0.0\com\oracle\database\jdbc\ucp\21.5.0.0\ucp-21.5.0.0.jar;C:\Users\Administrator\AppData\Roaming\JetBrains\IntelliJIdea2024.1\jdbc-drivers\Oracle\21.5.0.0\com\oracle\database\jdbc\rsi\21.5.0.0\rsi-21.5.0.0.jar;C:\Users\Administrator\AppData\Roaming\JetBrains\IntelliJIdea2024.1\jdbc-drivers\Oracle\21.5.0.0\com\oracle\database\security\osdt_core\21.5.0.0\osdt_core-21.5.0.0.jar;C:\Users\Administrator\AppData\Roaming\JetBrains\IntelliJIdea2024.1\jdbc-drivers\Oracle\21.5.0.0\com\oracle\database\security\osdt_cert\21.5.0.0\osdt_cert-21.5.0.0.jar;C:\Users\Administrator\AppData\Roaming\JetBrains\IntelliJIdea2024.1\jdbc-drivers\Oracle\21.5.0.0\com\oracle\database\security\oraclepki\21.5.0.0\oraclepki-21.5.0.0.jar --add-exports=java.desktop/sun.awt=ALL-UNNAMED --add-exports=java.desktop/java.awt.peer=ALL-UNNAMED --add-opens=java.desktop/java.awt=ALL-UNNAMED --add-opens=jdk.unsupported/sun.misc=ALL-UNNAMED --add-opens=java.base/java.nio=ALL-UNNAMED --add-opens=java.base/java.util=ALL-UNNAMED -Dfile.encoding=UTF-8 com.intellij.database.remote.RemoteJdbcServer oracle.jdbc.OracleDriver

Host: Intel(R) Celeron(R) G4900T CPU @ 2.90GHz, 2 cores, 3G,  Windows 11 , 64 bit Build 22621 (10.0.22621.4391)
Time: Tue Dec 10 16:40:36 2024  Windows 11 , 64 bit Build 22621 (10.0.22621.4391) elapsed time: 0.335990 seconds (0d 0h 0m 0s)

---------------  T H R E A D  ---------------

Current thread (0x0000018cdb634000):  JavaThread "Unknown thread" [_thread_in_vm, id=10692, stack(0x0000007f34000000,0x0000007f34100000)]

Stack: [0x0000007f34000000,0x0000007f34100000]
Native frames: (J=compiled Java code, j=interpreted, Vv=VM code, C=native code)
V  [jvm.dll+0x6877f9]
V  [jvm.dll+0x8411aa]
V  [jvm.dll+0x842e2e]
V  [jvm.dll+0x843493]
V  [jvm.dll+0x249fdf]
V  [jvm.dll+0x6845c9]
V  [jvm.dll+0x678e7a]
V  [jvm.dll+0x30ab4b]
V  [jvm.dll+0x311ff6]
V  [jvm.dll+0x361a5e]
V  [jvm.dll+0x361c8f]
V  [jvm.dll+0x2e0978]
V  [jvm.dll+0x2e18e4]
V  [jvm.dll+0x811c71]
V  [jvm.dll+0x36f7c8]
V  [jvm.dll+0x7f05f6]
V  [jvm.dll+0x3f398f]
V  [jvm.dll+0x3f5541]
C  [jli.dll+0x528f]
C  [ucrtbase.dll+0x29333]
C  [KERNEL32.DLL+0x1259d]
C  [ntdll.dll+0x5af38]


---------------  P R O C E S S  ---------------

Threads class SMR info:
_java_thread_list=0x00007ffd1e79efd8, length=0, elements={
}

Java Threads: ( => current thread )

Other Threads:
  0x0000018cdb68db70 GCTaskThread "GC Thread#0" [stack: 0x0000007f34100000,0x0000007f34200000] [id=13336]
  0x0000018cdb69e9d0 ConcurrentGCThread "G1 Main Marker" [stack: 0x0000007f34200000,0x0000007f34300000] [id=9056]
  0x0000018cdb69f300 ConcurrentGCThread "G1 Conc#0" [stack: 0x0000007f34300000,0x0000007f34400000] [id=10916]

[error occurred during error reporting (printing all threads), id 0xc0000005, EXCEPTION_ACCESS_VIOLATION (0xc0000005) at pc=0x00007ffd1df51547]

VM state: not at safepoint (not fully initialized)

VM Mutex/Monitor currently owned by a thread:  ([mutex/lock_event])
[0x0000018cdb62c810] Heap_lock - owner thread: 0x0000018cdb634000

Heap address: 0x0000000080000000, size: 2048 MB, Compressed Oops mode: 32-bit

CDS archive(s) mapped at: [0x0000000000000000-0x0000000000000000-0x0000000000000000), size 0, SharedBaseAddress: 0x0000000800000000, ArchiveRelocationMode: 1.
Narrow klass base: 0x0000000000000000, Narrow klass shift: 0, Narrow klass range: 0x0

GC Precious Log:
<Empty>

Heap:
 garbage-first heap   total 0K, used 0K [0x0000000080000000, 0x0000000100000000)
  region size 1024K, 0 young (0K), 0 survivors (0K)
 Metaspace       used 0K, committed 0K, reserved 0K
  class space    used 0K, committed 0K, reserved 0K

Heap Regions: E=young(eden), S=young(survivor), O=old, HS=humongous(starts), HC=humongous(continues), CS=collection set, F=free, OA=open archive, CA=closed archive, TAMS=top-at-mark-start (previous, next)

Card table byte_map: [0x0000018cee1b0000,0x0000018cee5b0000] _byte_map_base: 0x0000018ceddb0000

Marking Bits (Prev, Next): (CMBitMap*) 0x0000018cdb68e0a0, (CMBitMap*) 0x0000018cdb68e0e0
 Prev Bits: [0x0000018cee9b0000, 0x0000018cf09b0000)
 Next Bits: [0x0000018cf09b0000, 0x0000018cf29b0000)

GC Heap History (0 events):
No events

Dll operation events (1 events):
Event: 0.232 Loaded shared library E:\Program Files\JetBrains\IntelliJ IDEA 2024.1.3\jbr\bin\java.dll

Deoptimization events (0 events):
No events

Classes unloaded (0 events):
No events

Classes redefined (0 events):
No events

Internal exceptions (0 events):
No events

VM Operations (0 events):
No events

Events (0 events):
No events


Dynamic libraries:
0x00007ff798860000 - 0x00007ff79886a000 	E:\Program Files\JetBrains\IntelliJ IDEA 2024.1.3\jbr\bin\java.exe
0x00007ffdbae50000 - 0x00007ffdbb067000 	C:\WINDOWS\SYSTEM32\ntdll.dll
0x00007ffdb94d0000 - 0x00007ffdb9594000 	C:\WINDOWS\System32\KERNEL32.DLL
0x00007ffdb83f0000 - 0x00007ffdb87aa000 	C:\WINDOWS\System32\KERNELBASE.dll
0x00007ffdb8a10000 - 0x00007ffdb8b21000 	C:\WINDOWS\System32\ucrtbase.dll
0x00007ffd700d0000 - 0x00007ffd700e7000 	E:\Program Files\JetBrains\IntelliJ IDEA 2024.1.3\jbr\bin\jli.dll
0x00007ffdba480000 - 0x00007ffdba62e000 	C:\WINDOWS\System32\USER32.dll
0x00007ffdb8b30000 - 0x00007ffdb8b56000 	C:\WINDOWS\System32\win32u.dll
0x00007ffdba200000 - 0x00007ffdba229000 	C:\WINDOWS\System32\GDI32.dll
0x00007ffdb8130000 - 0x00007ffdb824b000 	C:\WINDOWS\System32\gdi32full.dll
0x00007ffdb87b0000 - 0x00007ffdb884a000 	C:\WINDOWS\System32\msvcp_win.dll
0x00007ffdaf660000 - 0x00007ffdaf67b000 	E:\Program Files\JetBrains\IntelliJ IDEA 2024.1.3\jbr\bin\VCRUNTIME140.dll
0x00007ffd9b550000 - 0x00007ffd9b7e2000 	C:\WINDOWS\WinSxS\amd64_microsoft.windows.common-controls_6595b64144ccf1df_6.0.22621.4541_none_2710d1c57384c085\COMCTL32.dll
0x00007ffdb9840000 - 0x00007ffdb98e7000 	C:\WINDOWS\System32\msvcrt.dll
0x00007ffdb93b0000 - 0x00007ffdb93e1000 	C:\WINDOWS\System32\IMM32.DLL
0x00007ffdb4280000 - 0x00007ffdb428c000 	E:\Program Files\JetBrains\IntelliJ IDEA 2024.1.3\jbr\bin\vcruntime140_1.dll
0x00007ffda8db0000 - 0x00007ffda8e3d000 	E:\Program Files\JetBrains\IntelliJ IDEA 2024.1.3\jbr\bin\msvcp140.dll
0x00007ffd1dc60000 - 0x00007ffd1e8e3000 	E:\Program Files\JetBrains\IntelliJ IDEA 2024.1.3\jbr\bin\server\jvm.dll
0x00007ffdb9780000 - 0x00007ffdb9832000 	C:\WINDOWS\System32\ADVAPI32.dll
0x00007ffdba8e0000 - 0x00007ffdba987000 	C:\WINDOWS\System32\sechost.dll
0x00007ffdb83c0000 - 0x00007ffdb83e8000 	C:\WINDOWS\System32\bcrypt.dll
0x00007ffdb9660000 - 0x00007ffdb9774000 	C:\WINDOWS\System32\RPCRT4.dll
0x00007ffdb6f80000 - 0x00007ffdb6fcd000 	C:\WINDOWS\SYSTEM32\POWRPROF.dll
0x00007ffda4a00000 - 0x00007ffda4a09000 	C:\WINDOWS\SYSTEM32\WSOCK32.dll
0x00007ffdba3f0000 - 0x00007ffdba461000 	C:\WINDOWS\System32\WS2_32.dll
0x00007ffdaee80000 - 0x00007ffdaeeb4000 	C:\WINDOWS\SYSTEM32\WINMM.dll
0x00007ffdae8c0000 - 0x00007ffdae8ca000 	C:\WINDOWS\SYSTEM32\VERSION.dll
0x00007ffdb6f60000 - 0x00007ffdb6f73000 	C:\WINDOWS\SYSTEM32\UMPDC.dll
0x00007ffdb7180000 - 0x00007ffdb7198000 	C:\WINDOWS\SYSTEM32\kernel.appcore.dll
0x00007ffda3c10000 - 0x00007ffda3c1a000 	E:\Program Files\JetBrains\IntelliJ IDEA 2024.1.3\jbr\bin\jimage.dll
0x00007ffdb5910000 - 0x00007ffdb5b42000 	C:\WINDOWS\SYSTEM32\DBGHELP.DLL
0x00007ffdb8db0000 - 0x00007ffdb913f000 	C:\WINDOWS\System32\combase.dll
0x00007ffdb93f0000 - 0x00007ffdb94c7000 	C:\WINDOWS\System32\OLEAUT32.dll
0x00007ffd97d00000 - 0x00007ffd97d32000 	C:\WINDOWS\SYSTEM32\dbgcore.DLL
0x00007ffdb8850000 - 0x00007ffdb88cb000 	C:\WINDOWS\System32\bcryptPrimitives.dll
0x00007ffd700a0000 - 0x00007ffd700c5000 	E:\Program Files\JetBrains\IntelliJ IDEA 2024.1.3\jbr\bin\java.dll

dbghelp: loaded successfully - version: 4.0.5 - missing functions: none
symbol engine: initialized successfully - sym options: 0x614 - pdb path: .;E:\Program Files\JetBrains\IntelliJ IDEA 2024.1.3\jbr\bin;C:\WINDOWS\SYSTEM32;C:\WINDOWS\WinSxS\amd64_microsoft.windows.common-controls_6595b64144ccf1df_6.0.22621.4541_none_2710d1c57384c085;E:\Program Files\JetBrains\IntelliJ IDEA 2024.1.3\jbr\bin\server

VM Arguments:
jvm_args: -Djava.rmi.server.hostname=127.0.0.1 -Duser.timezone=UTC -Xmx2048m -Xms128m -Djdbc.classpath=E:\Program Files\JetBrains\IntelliJ IDEA 2024.1.3\plugins\DatabaseTools\lib\jdbc-console.jar;C:\Users\Administrator\AppData\Roaming\JetBrains\IntelliJIdea2024.1\jdbc-drivers\Oracle\21.5.0.0\com\oracle\database\jdbc\ojdbc11\21.5.0.0\ojdbc11-21.5.0.0.jar;C:\Users\Administrator\AppData\Roaming\JetBrains\IntelliJIdea2024.1\jdbc-drivers\Oracle\21.5.0.0\com\oracle\database\xml\xdb\21.5.0.0\xdb-21.5.0.0.jar;C:\Users\Administrator\AppData\Roaming\JetBrains\IntelliJIdea2024.1\jdbc-drivers\Oracle\21.5.0.0\com\oracle\database\xml\xmlparserv2\21.5.0.0\xmlparserv2-21.5.0.0.jar;C:\Users\Administrator\AppData\Roaming\JetBrains\IntelliJIdea2024.1\jdbc-drivers\Oracle\21.5.0.0\com\oracle\database\nls\orai18n\21.5.0.0\orai18n-21.5.0.0.jar;C:\Users\Administrator\AppData\Roaming\JetBrains\IntelliJIdea2024.1\jdbc-drivers\Oracle\21.5.0.0\com\oracle\database\jdbc\ucp\21.5.0.0\ucp-21.5.0.0.jar;C:\Users\Administrator\AppData\Roaming\JetBrains\IntelliJIdea2024.1\jdbc-drivers\Oracle\21.5.0.0\com\oracle\database\jdbc\rsi\21.5.0.0\rsi-21.5.0.0.jar;C:\Users\Administrator\AppData\Roaming\JetBrains\IntelliJIdea2024.1\jdbc-drivers\Oracle\21.5.0.0\com\oracle\database\security\osdt_core\21.5.0.0\osdt_core-21.5.0.0.jar;C:\Users\Administrator\AppData\Roaming\JetBrains\IntelliJIdea2024.1\jdbc-drivers\Oracle\21.5.0.0\com\oracle\database\security\osdt_cert\21.5.0.0\osdt_cert-21.5.0.0.jar;C:\Users\Administrator\AppData\Roaming\JetBrains\IntelliJIdea2024.1\jdbc-drivers\Oracle\21.5.0.0\com\oracle\database\security\oraclepki\21.5.0.0\oraclepki-21.5.0.0.jar --add-exports=java.desktop/sun.awt=ALL-UNNAMED --add-exports=java.desktop/java.awt.peer=ALL-UNNAMED --add-opens=java.desktop/java.awt=ALL-UNNAMED --add-opens=jdk.unsupported/sun.misc=ALL-UNNAMED --add-opens=java.base/java.nio=ALL-UNNAMED --add-opens=java.base/java.util=ALL-UNNAMED -Dfile.encoding=UTF-8 
java_command: com.intellij.database.remote.RemoteJdbcServer oracle.jdbc.OracleDriver
java_class_path (initial): E:\Program Files\JetBrains\IntelliJ IDEA 2024.1.3\lib\util_rt.jar;E:\Program Files\JetBrains\IntelliJ IDEA 2024.1.3\lib\util-8.jar;E:\Program Files\JetBrains\IntelliJ IDEA 2024.1.3\lib\groovy.jar;E:\Program Files\JetBrains\IntelliJ IDEA 2024.1.3\plugins\DatabaseTools\lib\jdbc-console.jar;E:\Program Files\JetBrains\IntelliJ IDEA 2024.1.3\plugins\grid-core-impl\lib\jdbc-console-types.jar;E:\Program Files\JetBrains\IntelliJ IDEA 2024.1.3\lib\util.jar
Launcher Type: SUN_STANDARD

[Global flags]
     intx CICompilerCount                          = 2                                         {product} {ergonomic}
     uint ConcGCThreads                            = 1                                         {product} {ergonomic}
     uint G1ConcRefinementThreads                  = 2                                         {product} {ergonomic}
   size_t G1HeapRegionSize                         = 1048576                                   {product} {ergonomic}
    uintx GCDrainStackTargetSize                   = 64                                        {product} {ergonomic}
   size_t InitialHeapSize                          = 134217728                                 {product} {command line}
   size_t MarkStackSize                            = 4194304                                   {product} {ergonomic}
   size_t MaxHeapSize                              = 2147483648                                {product} {command line}
   size_t MinHeapDeltaBytes                        = 1048576                                   {product} {ergonomic}
   size_t MinHeapSize                              = 134217728                                 {product} {command line}
    uintx NonNMethodCodeHeapSize                   = 5826188                                {pd product} {ergonomic}
    uintx NonProfiledCodeHeapSize                  = 122916026                              {pd product} {ergonomic}
    uintx ProfiledCodeHeapSize                     = 122916026                              {pd product} {ergonomic}
    uintx ReservedCodeCacheSize                    = 251658240                              {pd product} {ergonomic}
     bool SegmentedCodeCache                       = true                                      {product} {ergonomic}
   size_t SoftMaxHeapSize                          = 2147483648                             {manageable} {ergonomic}
     bool UseCompressedClassPointers               = true                           {product lp64_product} {ergonomic}
     bool UseCompressedOops                        = true                           {product lp64_product} {ergonomic}
     bool UseG1GC                                  = true                                      {product} {ergonomic}
     bool UseLargePagesIndividualAllocation        = false                                  {pd product} {ergonomic}

Logging:
Log output configuration:
 #0: stdout all=warning uptime,level,tags
 #1: stderr all=off uptime,level,tags

Environment Variables:
JAVA_HOME=E:\Program Files\Java\jdk1.8.0_202
CLASSPATH=.£»E:\Program Files\Java\jdk1.8.0_202\lib\dt.jar;E:\Program Files\Java\jdk1.8.0_202\lib\tools.jar
PATH=C:\Program Files (x86)\Common Files\Oracle\Java\java8path;C:\Program Files (x86)\Common Files\Oracle\Java\javapath;E:\Program Files\Java\jdk1.8.0_202\bin;E:\Program Files\MySQL\MySQL Server 5.7\bin;C:\WINDOWS;C:\WINDOWS\System32\Wbem;C:\WINDOWS\System32\WindowsPowerShell\v1.0\;C:\WINDOWS\System32\OpenSSH\;E:\Program Files\Java\jdk1.8.0_202\jre\bin;C:\Program Files (x86)\Microsoft SQL Server\160\Tools\Binn\;C:\Program Files\Microsoft SQL Server\160\Tools\Binn\;C:\Program Files\Microsoft SQL Server\Client SDK\ODBC\170\Tools\Binn\;C:\Program Files\Microsoft SQL Server\160\DTS\Binn\;C:\Program Files (x86)\Microsoft SQL Server\160\DTS\Binn\;E:\apache-maven-3.9.8\bin;E:\Program Files\Git\cmd;E:\Program Files\Git\mingw64\bin;E:\Program Files\Git\usr\bin;D:\code\Redis-x64-3.0.504;C:\Program Files\Microsoft SQL Server\150\Tools\Binn\;C:\Program Files\dotnet\;C:\Windows\System32;E:\Program Files\nodejs;E:\Program Files (x86)\NetSarang\Xshell 7\;E:\Program Files (x86)\NetSarang\Xftp 7\;C:\ORACLE\instantclient_11_2;E:\nvm\nvm-windows-master\nvm-windows-master;E:\nvm\nvm;E:\nodejs;E:\Program Files\MySQL\MySQL Server 5.7\bin;E:\Users\Administrator\AppData\Local\Programs\Python\Python312\;C:\Users\Administrator\AppData\Local\Programs\Python\Launcher\;C:\Users\Administrator\AppData\Local\Microsoft\WindowsApps;C:\Users\Administrator\AppData\Local\JetBrains\Toolbox\scripts;E:\Program Files\Java\jdk1.8.0_202\bin;E:\Program Files\Java\jdk1.8.0_202\jre\bin;E:\Program Files\JetBrains\IntelliJ IDEA 2024.1.3\bin;;E:\apache-maven-3.9.8\bin;D:\code\Redis-x64-3.0.504;C:\Users\Administrator\.dotnet\tools;C:\Windows\System32;E:\Program Files\nodejs\node_global;E:\Users\Administrator\AppData\Local\Programs\Microsoft VS Code\bin;E:\nvm\nvm;E:\nodejs;C:\Users\Administrator\AppData\Local\GitHubDesktop\bin
USERNAME=Administrator
OS=Windows_NT
PROCESSOR_IDENTIFIER=Intel64 Family 6 Model 158 Stepping 11, GenuineIntel
TMP=C:\Users\ADMINI~1\AppData\Local\Temp
TEMP=C:\Users\ADMINI~1\AppData\Local\Temp



Periodic native trim disabled

JNI global refs:
JNI global refs: 0, weak refs: 0

JNI global refs memory usage: 0, weak refs: 0

Process memory usage:
Resident Set Size: 12164K (0% of 4043292K total physical memory with 241428K free physical memory)

OOME stack traces (most recent first):
Classloader memory used:


---------------  S Y S T E M  ---------------

OS:
 Windows 11 , 64 bit Build 22621 (10.0.22621.4391)
OS uptime: 0 days 23:38 hours
Hyper-V role detected

CPU: total 2 (initial active 2) (2 cores per cpu, 1 threads per core) family 6 model 158 stepping 11 microcode 0xde, cx8, cmov, fxsr, mmx, 3dnowpref, sse, sse2, sse3, ssse3, sse4.1, sse4.2, popcnt, lzcnt, tsc, tscinvbit, aes, erms, clmul, clflush, clflushopt, hv
Processor Information for all 2 processors :
  Max Mhz: 2904, Current Mhz: 2904, Mhz Limit: 2904

Memory: 4k page, system-wide physical 3948M (235M free)
TotalPageFile size 16236M (AvailPageFile size 14M)
current process WorkingSet (physical memory assigned to process): 11M, peak: 11M
current process commit charge ("private bytes"): 48M, peak: 175M

vm_info: OpenJDK 64-Bit Server VM (17.0.11+1-b1207.24) for windows-amd64 JRE (17.0.11+1-b1207.24), built on 2024-05-15 by "builduser" with MS VC++ 16.10 / 16.11 (VS2019)

END.
